<?xml version="1.0" encoding="UTF-8"?>
<testng-results ignored="0" total="4" passed="4" failed="0" skipped="0">
  <reporter-output>
  </reporter-output>
  <suite started-at="2024-11-19T21:39:41 IST" name="TestSuite" finished-at="2024-11-19T21:40:08 IST" duration-ms="26564">
    <groups>
      <group name="Master">
        <method signature="TC1_Registration.testUserRegistration()[pri:0, instance:testcases.TC1_Registration@478ee483]" name="testUserRegistration" class="testcases.TC1_Registration"/>
        <method signature="TC2_Login.testLoginWithValidCredentials()[pri:0, instance:testcases.TC2_Login@68b6f0d6]" name="testLoginWithValidCredentials" class="testcases.TC2_Login"/>
        <method signature="TC1_Registration.testUserRegistration()[pri:0, instance:testcases.TC1_Registration@1698ee84]" name="testUserRegistration" class="testcases.TC1_Registration"/>
        <method signature="TC2_Login.testLoginWithValidCredentials()[pri:0, instance:testcases.TC2_Login@10c626be]" name="testLoginWithValidCredentials" class="testcases.TC2_Login"/>
      </group> <!-- Master -->
      <group name="Sanity">
        <method signature="TC2_Login.testLoginWithValidCredentials()[pri:0, instance:testcases.TC2_Login@68b6f0d6]" name="testLoginWithValidCredentials" class="testcases.TC2_Login"/>
        <method signature="TC2_Login.testLoginWithValidCredentials()[pri:0, instance:testcases.TC2_Login@10c626be]" name="testLoginWithValidCredentials" class="testcases.TC2_Login"/>
      </group> <!-- Sanity -->
      <group name="Regression">
        <method signature="TC1_Registration.testUserRegistration()[pri:0, instance:testcases.TC1_Registration@478ee483]" name="testUserRegistration" class="testcases.TC1_Registration"/>
        <method signature="TC1_Registration.testUserRegistration()[pri:0, instance:testcases.TC1_Registration@1698ee84]" name="testUserRegistration" class="testcases.TC1_Registration"/>
      </group> <!-- Regression -->
    </groups>
    <test started-at="2024-11-19T21:39:41 IST" name="windows-chrome" finished-at="2024-11-19T21:39:52 IST" duration-ms="11016">
      <class name="testcases.TC1_Registration">
        <test-method is-config="true" signature="setUp(java.lang.String,java.lang.String)[pri:0, instance:testcases.TC1_Registration@478ee483]" started-at="2024-11-19T21:39:41 IST" name="setUp" finished-at="2024-11-19T21:39:43 IST" duration-ms="1496" status="PASS">
          <params>
            <param index="0">
              <value>
                <![CDATA[windows]]>
              </value>
            </param>
            <param index="1">
              <value>
                <![CDATA[chrome]]>
              </value>
            </param>
          </params>
          <reporter-output>
          </reporter-output>
        </test-method> <!-- setUp -->
        <test-method signature="testUserRegistration()[pri:0, instance:testcases.TC1_Registration@478ee483]" started-at="2024-11-19T21:39:43 IST" name="testUserRegistration" finished-at="2024-11-19T21:39:47 IST" duration-ms="3882" status="PASS">
          <reporter-output>
          </reporter-output>
        </test-method> <!-- testUserRegistration -->
        <test-method is-config="true" signature="tearDown()[pri:0, instance:testcases.TC1_Registration@478ee483]" started-at="2024-11-19T21:39:47 IST" name="tearDown" finished-at="2024-11-19T21:39:47 IST" duration-ms="221" status="PASS">
          <reporter-output>
          </reporter-output>
        </test-method> <!-- tearDown -->
      </class> <!-- testcases.TC1_Registration -->
      <class name="testcases.TC2_Login">
        <test-method is-config="true" signature="setUp(java.lang.String,java.lang.String)[pri:0, instance:testcases.TC2_Login@68b6f0d6]" started-at="2024-11-19T21:39:47 IST" name="setUp" finished-at="2024-11-19T21:39:48 IST" duration-ms="1563" status="PASS">
          <params>
            <param index="0">
              <value>
                <![CDATA[windows]]>
              </value>
            </param>
            <param index="1">
              <value>
                <![CDATA[chrome]]>
              </value>
            </param>
          </params>
          <reporter-output>
          </reporter-output>
        </test-method> <!-- setUp -->
        <test-method signature="testLoginWithValidCredentials()[pri:0, instance:testcases.TC2_Login@68b6f0d6]" started-at="2024-11-19T21:39:48 IST" name="testLoginWithValidCredentials" finished-at="2024-11-19T21:39:52 IST" duration-ms="3465" status="PASS">
          <reporter-output>
          </reporter-output>
        </test-method> <!-- testLoginWithValidCredentials -->
        <test-method is-config="true" signature="tearDown()[pri:0, instance:testcases.TC2_Login@68b6f0d6]" started-at="2024-11-19T21:39:52 IST" name="tearDown" finished-at="2024-11-19T21:39:52 IST" duration-ms="188" status="PASS">
          <reporter-output>
          </reporter-output>
        </test-method> <!-- tearDown -->
      </class> <!-- testcases.TC2_Login -->
    </test> <!-- windows-chrome -->
    <test started-at="2024-11-19T21:39:53 IST" name="windows-edge" finished-at="2024-11-19T21:40:08 IST" duration-ms="14559">
      <class name="testcases.TC1_Registration">
        <test-method is-config="true" signature="setUp(java.lang.String,java.lang.String)[pri:0, instance:testcases.TC1_Registration@1698ee84]" started-at="2024-11-19T21:39:53 IST" name="setUp" finished-at="2024-11-19T21:39:54 IST" duration-ms="1338" status="PASS">
          <params>
            <param index="0">
              <value>
                <![CDATA[windows]]>
              </value>
            </param>
            <param index="1">
              <value>
                <![CDATA[edge]]>
              </value>
            </param>
          </params>
          <reporter-output>
          </reporter-output>
        </test-method> <!-- setUp -->
        <test-method signature="testUserRegistration()[pri:0, instance:testcases.TC1_Registration@1698ee84]" started-at="2024-11-19T21:39:54 IST" name="testUserRegistration" finished-at="2024-11-19T21:39:58 IST" duration-ms="3813" status="PASS">
          <reporter-output>
          </reporter-output>
        </test-method> <!-- testUserRegistration -->
        <test-method is-config="true" signature="tearDown()[pri:0, instance:testcases.TC1_Registration@1698ee84]" started-at="2024-11-19T21:39:58 IST" name="tearDown" finished-at="2024-11-19T21:40:00 IST" duration-ms="1357" status="PASS">
          <reporter-output>
          </reporter-output>
        </test-method> <!-- tearDown -->
      </class> <!-- testcases.TC1_Registration -->
      <class name="testcases.TC2_Login">
        <test-method is-config="true" signature="setUp(java.lang.String,java.lang.String)[pri:0, instance:testcases.TC2_Login@10c626be]" started-at="2024-11-19T21:40:00 IST" name="setUp" finished-at="2024-11-19T21:40:01 IST" duration-ms="1520" status="PASS">
          <params>
            <param index="0">
              <value>
                <![CDATA[windows]]>
              </value>
            </param>
            <param index="1">
              <value>
                <![CDATA[edge]]>
              </value>
            </param>
          </params>
          <reporter-output>
          </reporter-output>
        </test-method> <!-- setUp -->
        <test-method signature="testLoginWithValidCredentials()[pri:0, instance:testcases.TC2_Login@10c626be]" started-at="2024-11-19T21:40:01 IST" name="testLoginWithValidCredentials" finished-at="2024-11-19T21:40:06 IST" duration-ms="5224" status="PASS">
          <reporter-output>
          </reporter-output>
        </test-method> <!-- testLoginWithValidCredentials -->
        <test-method is-config="true" signature="tearDown()[pri:0, instance:testcases.TC2_Login@10c626be]" started-at="2024-11-19T21:40:06 IST" name="tearDown" finished-at="2024-11-19T21:40:08 IST" duration-ms="1289" status="PASS">
          <reporter-output>
          </reporter-output>
        </test-method> <!-- tearDown -->
      </class> <!-- testcases.TC2_Login -->
    </test> <!-- windows-edge -->
  </suite> <!-- TestSuite -->
</testng-results>
