<?xml version="1.0" encoding="UTF-8"?>
<testng-results ignored="0" total="4" passed="4" failed="0" skipped="0">
  <reporter-output>
  </reporter-output>
  <suite started-at="2025-04-07T23:23:44 IST" name="TestSuite" finished-at="2025-04-07T23:23:58 IST" duration-ms="14422">
    <groups>
      <group name="Master">
        <method signature="TC2_Login.testLoginWithValidCredentials()[pri:1, instance:testcases.TC2_Login@1c80e49b]" name="testLoginWithValidCredentials" class="testcases.TC2_Login"/>
        <method signature="TC2_Login.VerifyLoginWithInvalidCredentials()[pri:2, instance:testcases.TC2_Login@1c80e49b]" name="VerifyLoginWithInvalidCredentials" class="testcases.TC2_Login"/>
        <method signature="TC2_Login.VerifyLoginWithNonRegisterEmail()[pri:3, instance:testcases.TC2_Login@1c80e49b]" name="VerifyLoginWithNonRegisterEmail" class="testcases.TC2_Login"/>
        <method signature="TC2_Login.VerifyLoginWithInvalidPassword()[pri:4, instance:testcases.TC2_Login@1c80e49b]" name="VerifyLoginWithInvalidPassword" class="testcases.TC2_Login"/>
      </group> <!-- Master -->
      <group name="Sanity">
        <method signature="TC2_Login.testLoginWithValidCredentials()[pri:1, instance:testcases.TC2_Login@1c80e49b]" name="testLoginWithValidCredentials" class="testcases.TC2_Login"/>
      </group> <!-- Sanity -->
    </groups>
    <test started-at="2025-04-07T23:23:44 IST" name="windows-chrome" finished-at="2025-04-07T23:23:58 IST" duration-ms="14422">
      <class name="testcases.TC2_Login">
        <test-method is-config="true" signature="setUp(java.lang.String,java.lang.String)[pri:0, instance:testcases.TC2_Login@1c80e49b]" started-at="2025-04-07T23:23:44 IST" name="setUp" finished-at="2025-04-07T23:23:46 IST" duration-ms="1603" status="PASS">
          <params>
            <param index="0">
              <value>
                <![CDATA[windows]]>
              </value>
            </param>
            <param index="1">
              <value>
                <![CDATA[chrome]]>
              </value>
            </param>
          </params>
          <reporter-output>
          </reporter-output>
        </test-method> <!-- setUp -->
        <test-method signature="testLoginWithValidCredentials()[pri:1, instance:testcases.TC2_Login@1c80e49b]" started-at="2025-04-07T23:23:46 IST" name="testLoginWithValidCredentials" finished-at="2025-04-07T23:23:50 IST" duration-ms="4502" status="PASS">
          <reporter-output>
          </reporter-output>
        </test-method> <!-- testLoginWithValidCredentials -->
        <test-method signature="VerifyLoginWithInvalidCredentials()[pri:2, instance:testcases.TC2_Login@1c80e49b]" started-at="2025-04-07T23:23:51 IST" name="VerifyLoginWithInvalidCredentials" finished-at="2025-04-07T23:23:53 IST" duration-ms="2424" status="PASS">
          <reporter-output>
          </reporter-output>
        </test-method> <!-- VerifyLoginWithInvalidCredentials -->
        <test-method signature="VerifyLoginWithNonRegisterEmail()[pri:3, instance:testcases.TC2_Login@1c80e49b]" started-at="2025-04-07T23:23:53 IST" name="VerifyLoginWithNonRegisterEmail" finished-at="2025-04-07T23:23:55 IST" duration-ms="1935" status="PASS">
          <reporter-output>
          </reporter-output>
        </test-method> <!-- VerifyLoginWithNonRegisterEmail -->
        <test-method signature="VerifyLoginWithInvalidPassword()[pri:4, instance:testcases.TC2_Login@1c80e49b]" started-at="2025-04-07T23:23:55 IST" name="VerifyLoginWithInvalidPassword" finished-at="2025-04-07T23:23:58 IST" duration-ms="3016" status="PASS">
          <reporter-output>
          </reporter-output>
        </test-method> <!-- VerifyLoginWithInvalidPassword -->
        <test-method is-config="true" signature="tearDown()[pri:0, instance:testcases.TC2_Login@1c80e49b]" started-at="2025-04-07T23:23:58 IST" name="tearDown" finished-at="2025-04-07T23:23:58 IST" duration-ms="513" status="PASS">
          <reporter-output>
          </reporter-output>
        </test-method> <!-- tearDown -->
      </class> <!-- testcases.TC2_Login -->
    </test> <!-- windows-chrome -->
  </suite> <!-- TestSuite -->
</testng-results>
