<?xml version="1.0" encoding="UTF-8"?>
<testng-results ignored="0" total="7" passed="7" failed="0" skipped="0">
  <reporter-output>
  </reporter-output>
  <suite started-at="2025-04-08T23:26:00 IST" name="TestSuite" finished-at="2025-04-08T23:26:21 IST" duration-ms="20252">
    <groups>
      <group name="Master">
        <method signature="TC2_Login.testLoginWithValidCredentials()[pri:1, instance:testcases.TC2_Login@56f6d40b]" name="testLoginWithValidCredentials" class="testcases.TC2_Login"/>
        <method signature="TC2_Login.VerifyLoginWithInvalidCredentials()[pri:2, instance:testcases.TC2_Login@56f6d40b]" name="VerifyLoginWithInvalidCredentials" class="testcases.TC2_Login"/>
        <method signature="TC2_Login.VerifyLoginWithNonRegisterEmail()[pri:3, instance:testcases.TC2_Login@56f6d40b]" name="VerifyLoginWithNonRegisterEmail" class="testcases.TC2_Login"/>
        <method signature="TC2_Login.VerifyLoginWithInvalidPassword()[pri:4, instance:testcases.TC2_Login@56f6d40b]" name="VerifyLoginWithInvalidPassword" class="testcases.TC2_Login"/>
        <method signature="TC2_Login.VerifyLoginWithInvalidEmail()[pri:5, instance:testcases.TC2_Login@56f6d40b]" name="VerifyLoginWithInvalidEmail" class="testcases.TC2_Login"/>
        <method signature="TC2_Login.VerifyWithBlankCredential()[pri:6, instance:testcases.TC2_Login@56f6d40b]" name="VerifyWithBlankCredential" class="testcases.TC2_Login"/>
        <method signature="TC2_Login.VerifyLoginWithInvalidEmailFormat()[pri:7, instance:testcases.TC2_Login@56f6d40b]" name="VerifyLoginWithInvalidEmailFormat" class="testcases.TC2_Login"/>
      </group> <!-- Master -->
      <group name="Sanity">
        <method signature="TC2_Login.testLoginWithValidCredentials()[pri:1, instance:testcases.TC2_Login@56f6d40b]" name="testLoginWithValidCredentials" class="testcases.TC2_Login"/>
      </group> <!-- Sanity -->
    </groups>
    <test started-at="2025-04-08T23:26:00 IST" name="windows-chrome" finished-at="2025-04-08T23:26:21 IST" duration-ms="20252">
      <class name="testcases.TC2_Login">
        <test-method is-config="true" signature="setUp(java.lang.String,java.lang.String)[pri:0, instance:testcases.TC2_Login@56f6d40b]" started-at="2025-04-08T23:26:01 IST" name="setUp" finished-at="2025-04-08T23:26:02 IST" duration-ms="1795" status="PASS">
          <params>
            <param index="0">
              <value>
                <![CDATA[windows]]>
              </value>
            </param>
            <param index="1">
              <value>
                <![CDATA[chrome]]>
              </value>
            </param>
          </params>
          <reporter-output>
          </reporter-output>
        </test-method> <!-- setUp -->
        <test-method signature="testLoginWithValidCredentials()[pri:1, instance:testcases.TC2_Login@56f6d40b]" started-at="2025-04-08T23:26:02 IST" name="testLoginWithValidCredentials" finished-at="2025-04-08T23:26:07 IST" duration-ms="4574" status="PASS">
          <reporter-output>
          </reporter-output>
        </test-method> <!-- testLoginWithValidCredentials -->
        <test-method signature="VerifyLoginWithInvalidCredentials()[pri:2, instance:testcases.TC2_Login@56f6d40b]" started-at="2025-04-08T23:26:07 IST" name="VerifyLoginWithInvalidCredentials" finished-at="2025-04-08T23:26:09 IST" duration-ms="1767" status="PASS">
          <reporter-output>
          </reporter-output>
        </test-method> <!-- VerifyLoginWithInvalidCredentials -->
        <test-method signature="VerifyLoginWithNonRegisterEmail()[pri:3, instance:testcases.TC2_Login@56f6d40b]" started-at="2025-04-08T23:26:09 IST" name="VerifyLoginWithNonRegisterEmail" finished-at="2025-04-08T23:26:11 IST" duration-ms="2241" status="PASS">
          <reporter-output>
          </reporter-output>
        </test-method> <!-- VerifyLoginWithNonRegisterEmail -->
        <test-method signature="VerifyLoginWithInvalidPassword()[pri:4, instance:testcases.TC2_Login@56f6d40b]" started-at="2025-04-08T23:26:11 IST" name="VerifyLoginWithInvalidPassword" finished-at="2025-04-08T23:26:14 IST" duration-ms="2184" status="PASS">
          <reporter-output>
          </reporter-output>
        </test-method> <!-- VerifyLoginWithInvalidPassword -->
        <test-method signature="VerifyLoginWithInvalidEmail()[pri:5, instance:testcases.TC2_Login@56f6d40b]" started-at="2025-04-08T23:26:14 IST" name="VerifyLoginWithInvalidEmail" finished-at="2025-04-08T23:26:15 IST" duration-ms="1938" status="PASS">
          <reporter-output>
          </reporter-output>
        </test-method> <!-- VerifyLoginWithInvalidEmail -->
        <test-method signature="VerifyWithBlankCredential()[pri:6, instance:testcases.TC2_Login@56f6d40b]" started-at="2025-04-08T23:26:15 IST" name="VerifyWithBlankCredential" finished-at="2025-04-08T23:26:18 IST" duration-ms="2363" status="PASS">
          <reporter-output>
          </reporter-output>
        </test-method> <!-- VerifyWithBlankCredential -->
        <test-method signature="VerifyLoginWithInvalidEmailFormat()[pri:7, instance:testcases.TC2_Login@56f6d40b]" started-at="2025-04-08T23:26:18 IST" name="VerifyLoginWithInvalidEmailFormat" finished-at="2025-04-08T23:26:20 IST" duration-ms="2262" status="PASS">
          <reporter-output>
          </reporter-output>
        </test-method> <!-- VerifyLoginWithInvalidEmailFormat -->
        <test-method is-config="true" signature="tearDown()[pri:0, instance:testcases.TC2_Login@56f6d40b]" started-at="2025-04-08T23:26:20 IST" name="tearDown" finished-at="2025-04-08T23:26:21 IST" duration-ms="488" status="PASS">
          <reporter-output>
          </reporter-output>
        </test-method> <!-- tearDown -->
      </class> <!-- testcases.TC2_Login -->
    </test> <!-- windows-chrome -->
  </suite> <!-- TestSuite -->
</testng-results>
