<?xml version="1.0" encoding="UTF-8"?>
<!-- Generated by org.testng.reporters.JUnitXMLReporter -->
<testsuite ignored="0" hostname="Dinesh" failures="0" tests="4" name="windows-chrome" time="14.422" errors="0" timestamp="2025-04-07T23:23:59 IST">
  <testcase classname="testcases.TC2_Login" name="testLoginWithValidCredentials" time="4.502"/>
  <testcase classname="testcases.TC2_Login" name="VerifyLoginWithInvalidCredentials" time="2.424"/>
  <testcase classname="testcases.TC2_Login" name="VerifyLoginWithNonRegisterEmail" time="1.935"/>
  <testcase classname="testcases.TC2_Login" name="VerifyLoginWithInvalidPassword" time="3.016"/>
</testsuite> <!-- windows-chrome -->
